2025-03-16 11:56:09,446 - INFO - pytest 실행 시 로그 설정 완료
2025-03-16 11:56:18,761 - INFO - 메인페이지 검색 성공
2025-03-16 14:23:17,094 - INFO - pytest 실행 시 로그 설정 완료
2025-03-16 14:23:32,715 - INFO - 메인페이지 검색 성공
2025-03-16 14:23:47,815 - ERROR - error:Message: 
Stacktrace:
	GetHandleVerifier [0x00007FF6AC08FE45+26629]
	(No symbol) [0x00007FF6ABFF6010]
	(No symbol) [0x00007FF6ABE8931A]
	(No symbol) [0x00007FF6ABEDF8E7]
	(No symbol) [0x00007FF6ABEDFB1C]
	(No symbol) [0x00007FF6ABF334A7]
	(No symbol) [0x00007FF6ABF07AEF]
	(No symbol) [0x00007FF6ABF30169]
	(No symbol) [0x00007FF6ABF07883]
	(No symbol) [0x00007FF6ABED0550]
	(No symbol) [0x00007FF6ABED1803]
	GetHandleVerifier [0x00007FF6AC3E72BD+3529853]
	GetHandleVerifier [0x00007FF6AC3FDA22+3621858]
	GetHandleVerifier [0x00007FF6AC3F24D3+3575443]
	GetHandleVerifier [0x00007FF6AC15B77A+860474]
	(No symbol) [0x00007FF6AC00088F]
	(No symbol) [0x00007FF6ABFFCBC4]
	(No symbol) [0x00007FF6ABFFCD66]
	(No symbol) [0x00007FF6ABFEC2C9]
	BaseThreadInitThunk [0x00007FF91B6C7374+20]
	RtlUserThreadStart [0x00007FF91D6DCC91+33]
Traceback (most recent call last):
  File "D:\Hyeyoung\python\엘리스 SW QA 트랙\pre-project\coupang\tests\test_search_result_page.py", line 58, in test_filtering_by_range
    wait.until(EC.presence_of_element_located((By.XPATH, ITEM_XPATH)))
    ~~~~~~~~~~^^^^^^^^^^^^^^^^^^^^^^^^^^^^^^^^^^^^^^^^^^^^^^^^^^^^^^^^
  File "D:\Hyeyoung\python\엘리스 SW QA 트랙\pre-project\venv\Lib\site-packages\selenium\webdriver\support\wait.py", line 146, in until
    raise TimeoutException(message, screen, stacktrace)
selenium.common.exceptions.TimeoutException: Message: 
Stacktrace:
	GetHandleVerifier [0x00007FF6AC08FE45+26629]
	(No symbol) [0x00007FF6ABFF6010]
	(No symbol) [0x00007FF6ABE8931A]
	(No symbol) [0x00007FF6ABEDF8E7]
	(No symbol) [0x00007FF6ABEDFB1C]
	(No symbol) [0x00007FF6ABF334A7]
	(No symbol) [0x00007FF6ABF07AEF]
	(No symbol) [0x00007FF6ABF30169]
	(No symbol) [0x00007FF6ABF07883]
	(No symbol) [0x00007FF6ABED0550]
	(No symbol) [0x00007FF6ABED1803]
	GetHandleVerifier [0x00007FF6AC3E72BD+3529853]
	GetHandleVerifier [0x00007FF6AC3FDA22+3621858]
	GetHandleVerifier [0x00007FF6AC3F24D3+3575443]
	GetHandleVerifier [0x00007FF6AC15B77A+860474]
	(No symbol) [0x00007FF6AC00088F]
	(No symbol) [0x00007FF6ABFFCBC4]
	(No symbol) [0x00007FF6ABFFCD66]
	(No symbol) [0x00007FF6ABFEC2C9]
	BaseThreadInitThunk [0x00007FF91B6C7374+20]
	RtlUserThreadStart [0x00007FF91D6DCC91+33]

2025-03-16 16:22:40,167 - INFO - pytest 실행 시 로그 설정 완료
2025-03-16 16:22:48,800 - INFO - pytest 실행 시 로그 설정 완료
2025-03-16 16:23:13,351 - INFO - pytest 실행 시 로그 설정 완료
2025-03-16 16:41:21,220 - INFO - pytest 실행 시 로그 설정 완료
2025-03-16 16:43:50,548 - INFO - pytest 실행 시 로그 설정 완료
2025-03-16 16:57:30,866 - INFO - pytest 실행 시 로그 설정 완료
2025-03-16 17:01:15,781 - INFO - pytest 실행 시 로그 설정 완료
2025-03-16 17:02:14,025 - ERROR - error: Message: 
Stacktrace:
	GetHandleVerifier [0x00007FF6AC08FE45+26629]
	(No symbol) [0x00007FF6ABFF6010]
	(No symbol) [0x00007FF6ABE8931A]
	(No symbol) [0x00007FF6ABEDF8E7]
	(No symbol) [0x00007FF6ABEDFB1C]
	(No symbol) [0x00007FF6ABF334A7]
	(No symbol) [0x00007FF6ABF07AEF]
	(No symbol) [0x00007FF6ABF30169]
	(No symbol) [0x00007FF6ABF07883]
	(No symbol) [0x00007FF6ABED0550]
	(No symbol) [0x00007FF6ABED1803]
	GetHandleVerifier [0x00007FF6AC3E72BD+3529853]
	GetHandleVerifier [0x00007FF6AC3FDA22+3621858]
	GetHandleVerifier [0x00007FF6AC3F24D3+3575443]
	GetHandleVerifier [0x00007FF6AC15B77A+860474]
	(No symbol) [0x00007FF6AC00088F]
	(No symbol) [0x00007FF6ABFFCBC4]
	(No symbol) [0x00007FF6ABFFCD66]
	(No symbol) [0x00007FF6ABFEC2C9]
	BaseThreadInitThunk [0x00007FF91B6C7374+20]
	RtlUserThreadStart [0x00007FF91D6DCC91+33]
Traceback (most recent call last):
  File "D:\Hyeyoung\python\엘리스 SW QA 트랙\pre-project\coupang\tests\test_login_page.py", line 46, in test_open_login_page
    wait.until(EC.presence_of_element_located(menu_list))
    ~~~~~~~~~~^^^^^^^^^^^^^^^^^^^^^^^^^^^^^^^^^^^^^^^^^^^
  File "D:\Hyeyoung\python\엘리스 SW QA 트랙\pre-project\venv\Lib\site-packages\selenium\webdriver\support\wait.py", line 146, in until
    raise TimeoutException(message, screen, stacktrace)
selenium.common.exceptions.TimeoutException: Message: 
Stacktrace:
	GetHandleVerifier [0x00007FF6AC08FE45+26629]
	(No symbol) [0x00007FF6ABFF6010]
	(No symbol) [0x00007FF6ABE8931A]
	(No symbol) [0x00007FF6ABEDF8E7]
	(No symbol) [0x00007FF6ABEDFB1C]
	(No symbol) [0x00007FF6ABF334A7]
	(No symbol) [0x00007FF6ABF07AEF]
	(No symbol) [0x00007FF6ABF30169]
	(No symbol) [0x00007FF6ABF07883]
	(No symbol) [0x00007FF6ABED0550]
	(No symbol) [0x00007FF6ABED1803]
	GetHandleVerifier [0x00007FF6AC3E72BD+3529853]
	GetHandleVerifier [0x00007FF6AC3FDA22+3621858]
	GetHandleVerifier [0x00007FF6AC3F24D3+3575443]
	GetHandleVerifier [0x00007FF6AC15B77A+860474]
	(No symbol) [0x00007FF6AC00088F]
	(No symbol) [0x00007FF6ABFFCBC4]
	(No symbol) [0x00007FF6ABFFCD66]
	(No symbol) [0x00007FF6ABFEC2C9]
	BaseThreadInitThunk [0x00007FF91B6C7374+20]
	RtlUserThreadStart [0x00007FF91D6DCC91+33]

2025-03-16 17:19:22,388 - INFO - pytest 실행 시 로그 설정 완료
2025-03-16 17:28:06,617 - INFO - pytest 실행 시 로그 설정 완료
2025-03-16 17:34:14,836 - INFO - pytest 실행 시 로그 설정 완료
2025-03-16 17:34:36,339 - ERROR - error:Message: no such element: Unable to locate element: {"method":"xpath","selector":"//dl/dd/a"}
  (Session info: chrome=134.0.6998.89); For documentation on this error, please visit: https://www.selenium.dev/documentation/webdriver/troubleshooting/errors#no-such-element-exception
Stacktrace:
	GetHandleVerifier [0x00007FF6AC08FE45+26629]
	(No symbol) [0x00007FF6ABFF6010]
	(No symbol) [0x00007FF6ABE8931A]
	(No symbol) [0x00007FF6ABEDF8E7]
	(No symbol) [0x00007FF6ABEDFB1C]
	(No symbol) [0x00007FF6ABF334A7]
	(No symbol) [0x00007FF6ABF07AEF]
	(No symbol) [0x00007FF6ABF30169]
	(No symbol) [0x00007FF6ABF07883]
	(No symbol) [0x00007FF6ABED0550]
	(No symbol) [0x00007FF6ABED1803]
	GetHandleVerifier [0x00007FF6AC3E72BD+3529853]
	GetHandleVerifier [0x00007FF6AC3FDA22+3621858]
	GetHandleVerifier [0x00007FF6AC3F24D3+3575443]
	GetHandleVerifier [0x00007FF6AC15B77A+860474]
	(No symbol) [0x00007FF6AC00088F]
	(No symbol) [0x00007FF6ABFFCBC4]
	(No symbol) [0x00007FF6ABFFCD66]
	(No symbol) [0x00007FF6ABFEC2C9]
	BaseThreadInitThunk [0x00007FF91B6C7374+20]
	RtlUserThreadStart [0x00007FF91D6DCC91+33]
Traceback (most recent call last):
  File "D:\Hyeyoung\python\엘리스 SW QA 트랙\pre-project\coupang\tests\test_search_result_page.py", line 41, in test_filtering_by_range
    selected_price_filter = driver.find_element(By.XPATH, SELECTED_FILTER_XPATH)
  File "D:\Hyeyoung\python\엘리스 SW QA 트랙\pre-project\venv\Lib\site-packages\selenium\webdriver\remote\webdriver.py", line 898, in find_element
    return self.execute(Command.FIND_ELEMENT, {"using": by, "value": value})["value"]
           ~~~~~~~~~~~~^^^^^^^^^^^^^^^^^^^^^^^^^^^^^^^^^^^^^^^^^^^^^^^^^^^^^
  File "D:\Hyeyoung\python\엘리스 SW QA 트랙\pre-project\venv\Lib\site-packages\selenium\webdriver\remote\webdriver.py", line 429, in execute
    self.error_handler.check_response(response)
    ~~~~~~~~~~~~~~~~~~~~~~~~~~~~~~~~~^^^^^^^^^^
  File "D:\Hyeyoung\python\엘리스 SW QA 트랙\pre-project\venv\Lib\site-packages\selenium\webdriver\remote\errorhandler.py", line 232, in check_response
    raise exception_class(message, screen, stacktrace)
selenium.common.exceptions.NoSuchElementException: Message: no such element: Unable to locate element: {"method":"xpath","selector":"//dl/dd/a"}
  (Session info: chrome=134.0.6998.89); For documentation on this error, please visit: https://www.selenium.dev/documentation/webdriver/troubleshooting/errors#no-such-element-exception
Stacktrace:
	GetHandleVerifier [0x00007FF6AC08FE45+26629]
	(No symbol) [0x00007FF6ABFF6010]
	(No symbol) [0x00007FF6ABE8931A]
	(No symbol) [0x00007FF6ABEDF8E7]
	(No symbol) [0x00007FF6ABEDFB1C]
	(No symbol) [0x00007FF6ABF334A7]
	(No symbol) [0x00007FF6ABF07AEF]
	(No symbol) [0x00007FF6ABF30169]
	(No symbol) [0x00007FF6ABF07883]
	(No symbol) [0x00007FF6ABED0550]
	(No symbol) [0x00007FF6ABED1803]
	GetHandleVerifier [0x00007FF6AC3E72BD+3529853]
	GetHandleVerifier [0x00007FF6AC3FDA22+3621858]
	GetHandleVerifier [0x00007FF6AC3F24D3+3575443]
	GetHandleVerifier [0x00007FF6AC15B77A+860474]
	(No symbol) [0x00007FF6AC00088F]
	(No symbol) [0x00007FF6ABFFCBC4]
	(No symbol) [0x00007FF6ABFFCD66]
	(No symbol) [0x00007FF6ABFEC2C9]
	BaseThreadInitThunk [0x00007FF91B6C7374+20]
	RtlUserThreadStart [0x00007FF91D6DCC91+33]

2025-03-16 22:38:37,666 - INFO - pytest 실행 시 로그 설정 완료
2025-03-16 22:38:57,016 - ERROR - error:Message: no such element: Unable to locate element: {"method":"css selector","selector":".prod-cart-btn"}
  (Session info: chrome=134.0.6998.89); For documentation on this error, please visit: https://www.selenium.dev/documentation/webdriver/troubleshooting/errors#no-such-element-exception
Stacktrace:
	GetHandleVerifier [0x00007FF6AC08FE45+26629]
	(No symbol) [0x00007FF6ABFF6010]
	(No symbol) [0x00007FF6ABE8931A]
	(No symbol) [0x00007FF6ABEDF8E7]
	(No symbol) [0x00007FF6ABEDFB1C]
	(No symbol) [0x00007FF6ABF334A7]
	(No symbol) [0x00007FF6ABF07AEF]
	(No symbol) [0x00007FF6ABF30169]
	(No symbol) [0x00007FF6ABF07883]
	(No symbol) [0x00007FF6ABED0550]
	(No symbol) [0x00007FF6ABED1803]
	GetHandleVerifier [0x00007FF6AC3E72BD+3529853]
	GetHandleVerifier [0x00007FF6AC3FDA22+3621858]
	GetHandleVerifier [0x00007FF6AC3F24D3+3575443]
	GetHandleVerifier [0x00007FF6AC15B77A+860474]
	(No symbol) [0x00007FF6AC00088F]
	(No symbol) [0x00007FF6ABFFCBC4]
	(No symbol) [0x00007FF6ABFFCD66]
	(No symbol) [0x00007FF6ABFEC2C9]
	BaseThreadInitThunk [0x00007FF91B6C7374+20]
	RtlUserThreadStart [0x00007FF91D6DCC91+33]
Traceback (most recent call last):
  File "D:\Hyeyoung\python\엘리스 SW QA 트랙\pre-project\coupang\tests\test_prod_detail_page.py", line 83, in test_add_cart
    prod_detail_page.add_cart()
    ~~~~~~~~~~~~~~~~~~~~~~~~~^^
  File "D:\Hyeyoung\python\엘리스 SW QA 트랙\pre-project\coupang\tests\pages\prod_detail_page.py", line 52, in add_cart
    add_cart_btn = self.driver.find_element(By.CLASS_NAME, ADD_CART_CLASS_NAME)
  File "D:\Hyeyoung\python\엘리스 SW QA 트랙\pre-project\venv\Lib\site-packages\selenium\webdriver\remote\webdriver.py", line 898, in find_element
    return self.execute(Command.FIND_ELEMENT, {"using": by, "value": value})["value"]
           ~~~~~~~~~~~~^^^^^^^^^^^^^^^^^^^^^^^^^^^^^^^^^^^^^^^^^^^^^^^^^^^^^
  File "D:\Hyeyoung\python\엘리스 SW QA 트랙\pre-project\venv\Lib\site-packages\selenium\webdriver\remote\webdriver.py", line 429, in execute
    self.error_handler.check_response(response)
    ~~~~~~~~~~~~~~~~~~~~~~~~~~~~~~~~~^^^^^^^^^^
  File "D:\Hyeyoung\python\엘리스 SW QA 트랙\pre-project\venv\Lib\site-packages\selenium\webdriver\remote\errorhandler.py", line 232, in check_response
    raise exception_class(message, screen, stacktrace)
selenium.common.exceptions.NoSuchElementException: Message: no such element: Unable to locate element: {"method":"css selector","selector":".prod-cart-btn"}
  (Session info: chrome=134.0.6998.89); For documentation on this error, please visit: https://www.selenium.dev/documentation/webdriver/troubleshooting/errors#no-such-element-exception
Stacktrace:
	GetHandleVerifier [0x00007FF6AC08FE45+26629]
	(No symbol) [0x00007FF6ABFF6010]
	(No symbol) [0x00007FF6ABE8931A]
	(No symbol) [0x00007FF6ABEDF8E7]
	(No symbol) [0x00007FF6ABEDFB1C]
	(No symbol) [0x00007FF6ABF334A7]
	(No symbol) [0x00007FF6ABF07AEF]
	(No symbol) [0x00007FF6ABF30169]
	(No symbol) [0x00007FF6ABF07883]
	(No symbol) [0x00007FF6ABED0550]
	(No symbol) [0x00007FF6ABED1803]
	GetHandleVerifier [0x00007FF6AC3E72BD+3529853]
	GetHandleVerifier [0x00007FF6AC3FDA22+3621858]
	GetHandleVerifier [0x00007FF6AC3F24D3+3575443]
	GetHandleVerifier [0x00007FF6AC15B77A+860474]
	(No symbol) [0x00007FF6AC00088F]
	(No symbol) [0x00007FF6ABFFCBC4]
	(No symbol) [0x00007FF6ABFFCD66]
	(No symbol) [0x00007FF6ABFEC2C9]
	BaseThreadInitThunk [0x00007FF91B6C7374+20]
	RtlUserThreadStart [0x00007FF91D6DCC91+33]

